<?xml version="1.0" encoding="UTF-8"?>
<testng-results ignored="0" total="1" passed="1" failed="0" skipped="0">
  <reporter-output>
  </reporter-output>
  <suite started-at="2022-08-01T22:20:24 IST" name="Default suite" finished-at="2022-08-01T22:20:32 IST" duration-ms="7823">
    <groups>
    </groups>
    <test started-at="2022-08-01T22:20:24 IST" name="Default test" finished-at="2022-08-01T22:20:32 IST" duration-ms="7823">
      <class name="amazon_Practice.practice1">
        <test-method signature="m1()[pri:0, instance:amazon_Practice.practice1@63021689]" started-at="2022-08-01T22:20:24 IST" name="m1" finished-at="2022-08-01T22:20:32 IST" duration-ms="7798" status="PASS">
          <reporter-output>
          </reporter-output>
        </test-method> <!-- m1 -->
      </class> <!-- amazon_Practice.practice1 -->
    </test> <!-- Default test -->
  </suite> <!-- Default suite -->
</testng-results>
